Arguments: 
  C:\Program Files\nodejs\node.exe C:\Users\Arnon\AppData\Roaming\npm\node_modules\yarn\bin\yarn.js add discord.js=v13-lts

PATH: 
  C:\Python312\Scripts\;C:\Python312\;C:\Program Files (x86)\Common Files\Oracle\Java\javapath;C:\Program Files (x86)\VMware\VMware Workstation\bin\;C:\Program Files (x86)\NVIDIA Corporation\PhysX\Common;C:\Windows\system32;C:\Windows;C:\Windows\System32\Wbem;C:\Windows\System32\WindowsPowerShell\v1.0\;C:\Windows\System32\OpenSSH\;;C:\Program Files\Git\cmd;C:\Program Files\Microsoft SQL Server\Client SDK\ODBC\170\Tools\Binn\;C:\Program Files (x86)\Microsoft SQL Server\150\Tools\Binn\;C:\Program Files\Microsoft SQL Server\150\Tools\Binn\;C:\Program Files\Microsoft SQL Server\150\DTS\Binn\;C:\Program Files (x86)\Windows Kits\8.1\Windows Performance Toolkit\;C:\Program Files\dotnet\;C:\Program Files (x86)\Windows Live\Shared;C:\ProgramData\chocolatey\bin;C:\Program Files\nodejs\;C:\Users\Arnon\AppData\Local\Programs\Python\Python37\Scripts\;C:\Users\Arnon\AppData\Local\Programs\Python\Python37\;C:\Users\Arnon\AppData\Local\Microsoft\WindowsApps;C:\Users\Arnon\AppData\Roaming\nvm;C:\Program Files\nodejs;C:\Users\Arnon\AppData\Local\Programs\Microsoft VS Code\bin;C:\Users\Arnon\AppData\Local\JetBrains\Toolbox\scripts;C:\Users\Arnon\AppData\Local\Microsoft\WinGet\Packages\Gyan.FFmpeg_Microsoft.Winget.Source_8wekyb3d8bbwe\ffmpeg-6.0-full_build\bin;C:\Users\Arnon\.dotnet\tools;C:\Users\Arnon\AppData\Roaming\npm

Yarn version: 
  1.22.19

Node version: 
  20.9.0

Platform: 
  win32 x64

Trace: 
  Error: https://registry.yarnpkg.com/discord.js=v13-lts: Not found
      at params.callback [as _callback] (C:\Users\Arnon\AppData\Roaming\npm\node_modules\yarn\lib\cli.js:66145:18)
      at self.callback (C:\Users\Arnon\AppData\Roaming\npm\node_modules\yarn\lib\cli.js:140890:22)
      at Request.emit (node:events:514:28)
      at Request.<anonymous> (C:\Users\Arnon\AppData\Roaming\npm\node_modules\yarn\lib\cli.js:141862:10)
      at Request.emit (node:events:514:28)
      at IncomingMessage.<anonymous> (C:\Users\Arnon\AppData\Roaming\npm\node_modules\yarn\lib\cli.js:141784:12)
      at Object.onceWrapper (node:events:628:28)
      at IncomingMessage.emit (node:events:526:35)
      at endReadableNT (node:internal/streams/readable:1408:12)
      at process.processTicksAndRejections (node:internal/process/task_queues:82:21)

npm manifest: 
  {
    "name": "shirel-discord-bot",
    "version": "1.0.0",
    "description": "A discord bot for ShiRel Discord Server",
    "main": "server.js",
    "scripts": {
      "start": "node server.js"
    },
    "dependencies": {
      "dotenv": "^16.3.1",
      "fs": "^0.0.2",
      "giphy": "^0.0.4",
      "gith": "^1.0.4",
      "quick.db": "^7.1.1"
    },
    "license": "MIT"
  }

yarn manifest: 
  No manifest

Lockfile: 
  No lockfile
